watch-bike-hud/app/build/intermediates/manifest_merge_blame_file/debug/processDebugMainManifest/manifest-merger-blame-debug-report.txt
1<?xml version="1.0" encoding="utf-8"?>
2<manifest xmlns:android="http://schemas.android.com/apk/res/android"
3    package="com.watchbikehud"
4    android:versionCode="1"
5    android:versionName="1.0" >
6
7    <uses-sdk
8        android:minSdkVersion="30"
9        android:targetSdkVersion="34" />
10
11    <!-- Heart rate sensor -->
12    <uses-permission android:name="android.permission.BODY_SENSORS" />
12-->src/main/AndroidManifest.xml:5:5-71
12-->src/main/AndroidManifest.xml:5:22-68
13
14    <!-- GPS -->
15    <uses-permission android:name="android.permission.ACCESS_FINE_LOCATION" />
15-->src/main/AndroidManifest.xml:8:5-79
15-->src/main/AndroidManifest.xml:8:22-76
16    <uses-permission android:name="android.permission.ACCESS_COARSE_LOCATION" />
16-->src/main/AndroidManifest.xml:9:5-81
16-->src/main/AndroidManifest.xml:9:22-78
17
18    <!-- BLE peripheral (GATT server + advertising) -->
19    <uses-permission android:name="android.permission.BLUETOOTH" />
19-->src/main/AndroidManifest.xml:12:5-68
19-->src/main/AndroidManifest.xml:12:22-65
20    <uses-permission android:name="android.permission.BLUETOOTH_ADMIN" />
20-->src/main/AndroidManifest.xml:13:5-74
20-->src/main/AndroidManifest.xml:13:22-71
21    <uses-permission android:name="android.permission.BLUETOOTH_ADVERTISE" />
21-->src/main/AndroidManifest.xml:14:5-78
21-->src/main/AndroidManifest.xml:14:22-75
22    <uses-permission android:name="android.permission.BLUETOOTH_CONNECT" />
22-->src/main/AndroidManifest.xml:15:5-76
22-->src/main/AndroidManifest.xml:15:22-73
23
24    <!-- Foreground service -->
25    <uses-permission android:name="android.permission.FOREGROUND_SERVICE" />
25-->src/main/AndroidManifest.xml:18:5-77
25-->src/main/AndroidManifest.xml:18:22-74
26    <uses-permission android:name="android.permission.FOREGROUND_SERVICE_HEALTH" />
26-->src/main/AndroidManifest.xml:19:5-84
26-->src/main/AndroidManifest.xml:19:22-81
27    <uses-permission android:name="android.permission.WAKE_LOCK" />
27-->src/main/AndroidManifest.xml:20:5-68
27-->src/main/AndroidManifest.xml:20:22-65
28    <uses-permission android:name="android.permission.POST_NOTIFICATIONS" />
28-->src/main/AndroidManifest.xml:21:5-77
28-->src/main/AndroidManifest.xml:21:22-74
29
30    <uses-feature
30-->src/main/AndroidManifest.xml:23:5-90
31        android:name="android.hardware.bluetooth_le"
31-->src/main/AndroidManifest.xml:23:19-63
32        android:required="true" />
32-->src/main/AndroidManifest.xml:23:64-87
33    <uses-feature
33-->src/main/AndroidManifest.xml:24:5-94
34        android:name="android.hardware.sensor.heartrate"
34-->src/main/AndroidManifest.xml:24:19-67
35        android:required="true" />
35-->src/main/AndroidManifest.xml:24:68-91
36    <uses-feature
36-->src/main/AndroidManifest.xml:25:5-90
37        android:name="android.hardware.location.gps"
37-->src/main/AndroidManifest.xml:25:19-63
38        android:required="true" />
38-->src/main/AndroidManifest.xml:25:64-87
39    <uses-feature android:name="android.hardware.type.watch" />
39-->src/main/AndroidManifest.xml:26:5-64
39-->src/main/AndroidManifest.xml:26:19-61
40
41    <application
41-->src/main/AndroidManifest.xml:28:5-47:19
42        android:appComponentFactory="androidx.core.app.CoreComponentFactory"
42-->[androidx.core:core:1.2.0] AndroidManifest.xml:24:18-86
43        android:debuggable="true"
44        android:extractNativeLibs="false"
45        android:label="Bike HUD"
45-->src/main/AndroidManifest.xml:29:9-33
46        android:theme="@android:style/Theme.DeviceDefault" >
46-->src/main/AndroidManifest.xml:30:9-59
47        <uses-library
47-->src/main/AndroidManifest.xml:32:9-93
48            android:name="com.google.android.wearable"
48-->src/main/AndroidManifest.xml:32:23-65
49            android:required="false" />
49-->src/main/AndroidManifest.xml:32:66-90
50
51        <activity
51-->src/main/AndroidManifest.xml:34:9-41:20
52            android:name="com.watchbikehud.WatchBikeActivity"
52-->src/main/AndroidManifest.xml:35:13-46
53            android:exported="true" >
53-->src/main/AndroidManifest.xml:36:13-36
54            <intent-filter>
54-->src/main/AndroidManifest.xml:37:13-40:29
55                <action android:name="android.intent.action.MAIN" />
55-->src/main/AndroidManifest.xml:38:17-69
55-->src/main/AndroidManifest.xml:38:25-66
56
57                <category android:name="android.intent.category.LAUNCHER" />
57-->src/main/AndroidManifest.xml:39:17-77
57-->src/main/AndroidManifest.xml:39:27-74
58            </intent-filter>
59        </activity>
60
61        <service
61-->src/main/AndroidManifest.xml:43:9-46:54
62            android:name="com.watchbikehud.BikeSensorService"
62-->src/main/AndroidManifest.xml:44:13-46
63            android:exported="false"
63-->src/main/AndroidManifest.xml:45:13-37
64            android:foregroundServiceType="health" />
64-->src/main/AndroidManifest.xml:46:13-51
65
66        <activity
66-->[com.google.android.gms:play-services-base:18.1.0] AndroidManifest.xml:20:9-22:45
67            android:name="com.google.android.gms.common.api.GoogleApiActivity"
67-->[com.google.android.gms:play-services-base:18.1.0] AndroidManifest.xml:20:19-85
68            android:exported="false"
68-->[com.google.android.gms:play-services-base:18.1.0] AndroidManifest.xml:22:19-43
69            android:theme="@android:style/Theme.Translucent.NoTitleBar" />
69-->[com.google.android.gms:play-services-base:18.1.0] AndroidManifest.xml:21:19-78
70
71        <meta-data
71-->[com.google.android.gms:play-services-basement:18.1.0] AndroidManifest.xml:21:9-23:69
72            android:name="com.google.android.gms.version"
72-->[com.google.android.gms:play-services-basement:18.1.0] AndroidManifest.xml:22:13-58
73            android:value="@integer/google_play_services_version" />
73-->[com.google.android.gms:play-services-basement:18.1.0] AndroidManifest.xml:23:13-66
74    </application>
75
76</manifest>